<?xml version="1.0" encoding="UTF-8"?>
<coverage generated="1744383747815" clover="3.2.0">
  <project timestamp="1744383747815" name="All files">
    <metrics statements="122" coveredstatements="122" conditionals="27" coveredconditionals="27" methods="7" coveredmethods="7" elements="156" coveredelements="156" complexity="0" loc="122" ncloc="122" packages="1" files="2" classes="2"/>
    <file name="types.ts" path="/tmp/lib/types.ts">
      <metrics statements="0" coveredstatements="0" conditionals="0" coveredconditionals="0" methods="0" coveredmethods="0"/>
    </file>
    <file name="zmdc.ts" path="/tmp/lib/zmdc.ts">
      <metrics statements="122" coveredstatements="122" conditionals="27" coveredconditionals="27" methods="7" coveredmethods="7"/>
      <line num="3" count="1" type="stmt"/>
      <line num="4" count="1" type="stmt"/>
      <line num="5" count="1" type="stmt"/>
      <line num="12" count="1" type="cond" truecount="1" falsecount="0"/>
      <line num="13" count="3" type="stmt"/>
      <line num="14" count="3" type="stmt"/>
      <line num="15" count="3" type="stmt"/>
      <line num="16" count="3" type="stmt"/>
      <line num="17" count="3" type="stmt"/>
      <line num="18" count="3" type="stmt"/>
      <line num="36" count="1" type="cond" truecount="1" falsecount="0"/>
      <line num="37" count="7" type="stmt"/>
      <line num="39" count="7" type="stmt"/>
      <line num="40" count="7" type="stmt"/>
      <line num="41" count="7" type="stmt"/>
      <line num="42" count="7" type="stmt"/>
      <line num="43" count="7" type="stmt"/>
      <line num="44" count="7" type="stmt"/>
      <line num="45" count="7" type="stmt"/>
      <line num="46" count="7" type="stmt"/>
      <line num="47" count="7" type="cond" truecount="1" falsecount="0"/>
      <line num="48" count="117" type="cond" truecount="1" falsecount="0"/>
      <line num="49" count="59" type="stmt"/>
      <line num="50" count="59" type="stmt"/>
      <line num="51" count="59" type="cond" truecount="1" falsecount="0"/>
      <line num="53" count="8" type="stmt"/>
      <line num="54" count="8" type="stmt"/>
      <line num="56" count="8" type="stmt"/>
      <line num="57" count="8" type="stmt"/>
      <line num="58" count="59" type="stmt"/>
      <line num="59" count="117" type="cond" truecount="1" falsecount="0"/>
      <line num="60" count="66" type="stmt"/>
      <line num="61" count="66" type="stmt"/>
      <line num="62" count="66" type="stmt"/>
      <line num="63" count="66" type="stmt"/>
      <line num="64" count="66" type="cond" truecount="1" falsecount="0"/>
      <line num="65" count="8" type="stmt"/>
      <line num="67" count="8" type="stmt"/>
      <line num="68" count="8" type="stmt"/>
      <line num="69" count="8" type="stmt"/>
      <line num="70" count="8" type="stmt"/>
      <line num="71" count="8" type="stmt"/>
      <line num="72" count="8" type="stmt"/>
      <line num="73" count="8" type="stmt"/>
      <line num="74" count="66" type="stmt"/>
      <line num="75" count="117" type="cond" truecount="1" falsecount="0"/>
      <line num="76" count="6" type="stmt"/>
      <line num="77" count="6" type="stmt"/>
      <line num="79" count="66" type="cond" truecount="1" falsecount="0"/>
      <line num="80" count="66" type="stmt"/>
      <line num="81" count="66" type="stmt"/>
      <line num="82" count="66" type="stmt"/>
      <line num="83" count="66" type="stmt"/>
      <line num="84" count="66" type="stmt"/>
      <line num="92" count="1" type="cond" truecount="1" falsecount="0"/>
      <line num="93" count="4" type="stmt"/>
      <line num="94" count="4" type="stmt"/>
      <line num="95" count="4" type="cond" truecount="1" falsecount="0"/>
      <line num="96" count="3" type="stmt"/>
      <line num="97" count="3" type="stmt"/>
      <line num="98" count="3" type="cond" truecount="1" falsecount="0"/>
      <line num="99" count="2" type="stmt"/>
      <line num="100" count="3" type="cond" truecount="1" falsecount="0"/>
      <line num="101" count="1" type="stmt"/>
      <line num="102" count="1" type="stmt"/>
      <line num="103" count="3" type="cond" truecount="1" falsecount="0"/>
      <line num="104" count="2" type="stmt"/>
      <line num="105" count="2" type="stmt"/>
      <line num="106" count="2" type="cond" truecount="1" falsecount="0"/>
      <line num="107" count="1" type="stmt"/>
      <line num="108" count="1" type="stmt"/>
      <line num="109" count="1" type="stmt"/>
      <line num="110" count="1" type="stmt"/>
      <line num="111" count="2" type="stmt"/>
      <line num="112" count="4" type="cond" truecount="1" falsecount="0"/>
      <line num="113" count="1" type="stmt"/>
      <line num="114" count="1" type="stmt"/>
      <line num="115" count="4" type="stmt"/>
      <line num="117" count="1" type="cond" truecount="1" falsecount="0"/>
      <line num="118" count="9" type="stmt"/>
      <line num="119" count="9" type="stmt"/>
      <line num="120" count="9" type="stmt"/>
      <line num="121" count="9" type="stmt"/>
      <line num="122" count="9" type="stmt"/>
      <line num="123" count="9" type="cond" truecount="1" falsecount="0"/>
      <line num="124" count="1" type="stmt"/>
      <line num="125" count="1" type="stmt"/>
      <line num="126" count="1" type="stmt"/>
      <line num="127" count="9" type="cond" truecount="1" falsecount="0"/>
      <line num="128" count="54" type="stmt"/>
      <line num="129" count="54" type="stmt"/>
      <line num="130" count="54" type="cond" truecount="1" falsecount="0"/>
      <line num="131" count="17" type="stmt"/>
      <line num="132" count="54" type="cond" truecount="1" falsecount="0"/>
      <line num="133" count="37" type="stmt"/>
      <line num="134" count="37" type="stmt"/>
      <line num="135" count="54" type="stmt"/>
      <line num="136" count="9" type="stmt"/>
      <line num="137" count="9" type="stmt"/>
      <line num="138" count="9" type="stmt"/>
      <line num="140" count="9" type="cond" truecount="1" falsecount="0"/>
      <line num="141" count="9" type="stmt"/>
      <line num="142" count="9" type="stmt"/>
      <line num="143" count="9" type="cond" truecount="1" falsecount="0"/>
      <line num="144" count="8" type="stmt"/>
      <line num="145" count="8" type="cond" truecount="1" falsecount="0"/>
      <line num="146" count="1" type="stmt"/>
      <line num="147" count="1" type="stmt"/>
      <line num="149" count="54" type="cond" truecount="1" falsecount="0"/>
      <line num="150" count="54" type="stmt"/>
      <line num="151" count="54" type="stmt"/>
      <line num="152" count="54" type="stmt"/>
      <line num="153" count="54" type="cond" truecount="1" falsecount="0"/>
      <line num="154" count="17" type="stmt"/>
      <line num="155" count="17" type="stmt"/>
      <line num="156" count="17" type="stmt"/>
      <line num="157" count="17" type="stmt"/>
      <line num="158" count="17" type="cond" truecount="1" falsecount="0"/>
      <line num="159" count="37" type="stmt"/>
      <line num="160" count="37" type="stmt"/>
      <line num="161" count="37" type="stmt"/>
      <line num="162" count="37" type="stmt"/>
    </file>
  </project>
</coverage>
