<?xml version="1.0" encoding="UTF-8"?>
<coverage generated="1744316368860" clover="3.2.0">
  <project timestamp="1744316368860" name="All files">
    <metrics statements="106" coveredstatements="106" conditionals="24" coveredconditionals="24" methods="7" coveredmethods="7" elements="137" coveredelements="137" complexity="0" loc="106" ncloc="106" packages="1" files="2" classes="2"/>
    <file name="types.ts" path="/tmp/lib/types.ts">
      <metrics statements="0" coveredstatements="0" conditionals="0" coveredconditionals="0" methods="0" coveredmethods="0"/>
    </file>
    <file name="zmdc.ts" path="/tmp/lib/zmdc.ts">
      <metrics statements="106" coveredstatements="106" conditionals="24" coveredconditionals="24" methods="7" coveredmethods="7"/>
      <line num="3" count="1" type="stmt"/>
      <line num="4" count="1" type="stmt"/>
      <line num="11" count="1" type="cond" truecount="1" falsecount="0"/>
      <line num="12" count="3" type="stmt"/>
      <line num="13" count="3" type="stmt"/>
      <line num="14" count="3" type="stmt"/>
      <line num="15" count="3" type="stmt"/>
      <line num="16" count="3" type="stmt"/>
      <line num="17" count="3" type="stmt"/>
      <line num="35" count="1" type="cond" truecount="1" falsecount="0"/>
      <line num="36" count="6" type="stmt"/>
      <line num="37" count="6" type="stmt"/>
      <line num="38" count="6" type="stmt"/>
      <line num="39" count="6" type="stmt"/>
      <line num="40" count="6" type="stmt"/>
      <line num="41" count="6" type="stmt"/>
      <line num="42" count="6" type="stmt"/>
      <line num="43" count="6" type="stmt"/>
      <line num="44" count="6" type="cond" truecount="1" falsecount="0"/>
      <line num="45" count="101" type="cond" truecount="1" falsecount="0"/>
      <line num="46" count="51" type="stmt"/>
      <line num="47" count="51" type="cond" truecount="1" falsecount="0"/>
      <line num="49" count="7" type="stmt"/>
      <line num="50" count="7" type="stmt"/>
      <line num="51" count="51" type="stmt"/>
      <line num="52" count="101" type="cond" truecount="1" falsecount="0"/>
      <line num="53" count="57" type="stmt"/>
      <line num="54" count="57" type="stmt"/>
      <line num="55" count="57" type="stmt"/>
      <line num="56" count="57" type="stmt"/>
      <line num="57" count="57" type="cond" truecount="1" falsecount="0"/>
      <line num="59" count="7" type="stmt"/>
      <line num="60" count="7" type="stmt"/>
      <line num="61" count="7" type="stmt"/>
      <line num="62" count="7" type="stmt"/>
      <line num="63" count="7" type="stmt"/>
      <line num="64" count="7" type="stmt"/>
      <line num="65" count="57" type="stmt"/>
      <line num="66" count="101" type="cond" truecount="1" falsecount="0"/>
      <line num="67" count="5" type="stmt"/>
      <line num="68" count="5" type="stmt"/>
      <line num="70" count="57" type="cond" truecount="1" falsecount="0"/>
      <line num="71" count="57" type="stmt"/>
      <line num="72" count="57" type="stmt"/>
      <line num="73" count="57" type="stmt"/>
      <line num="74" count="57" type="stmt"/>
      <line num="75" count="57" type="stmt"/>
      <line num="83" count="1" type="cond" truecount="1" falsecount="0"/>
      <line num="84" count="3" type="stmt"/>
      <line num="85" count="3" type="stmt"/>
      <line num="86" count="3" type="cond" truecount="1" falsecount="0"/>
      <line num="87" count="2" type="stmt"/>
      <line num="88" count="2" type="stmt"/>
      <line num="89" count="2" type="stmt"/>
      <line num="90" count="2" type="stmt"/>
      <line num="91" count="2" type="stmt"/>
      <line num="92" count="2" type="cond" truecount="1" falsecount="0"/>
      <line num="93" count="1" type="stmt"/>
      <line num="94" count="1" type="stmt"/>
      <line num="95" count="3" type="cond" truecount="1" falsecount="0"/>
      <line num="96" count="1" type="stmt"/>
      <line num="97" count="1" type="stmt"/>
      <line num="98" count="3" type="stmt"/>
      <line num="100" count="1" type="cond" truecount="1" falsecount="0"/>
      <line num="101" count="8" type="stmt"/>
      <line num="102" count="8" type="stmt"/>
      <line num="103" count="8" type="stmt"/>
      <line num="104" count="8" type="stmt"/>
      <line num="105" count="8" type="cond" truecount="1" falsecount="0"/>
      <line num="106" count="1" type="stmt"/>
      <line num="107" count="1" type="stmt"/>
      <line num="108" count="1" type="stmt"/>
      <line num="109" count="8" type="cond" truecount="1" falsecount="0"/>
      <line num="110" count="48" type="stmt"/>
      <line num="111" count="48" type="stmt"/>
      <line num="112" count="48" type="cond" truecount="1" falsecount="0"/>
      <line num="113" count="15" type="stmt"/>
      <line num="114" count="48" type="cond" truecount="1" falsecount="0"/>
      <line num="115" count="33" type="stmt"/>
      <line num="116" count="33" type="stmt"/>
      <line num="117" count="48" type="stmt"/>
      <line num="118" count="8" type="stmt"/>
      <line num="119" count="8" type="stmt"/>
      <line num="120" count="8" type="stmt"/>
      <line num="122" count="8" type="cond" truecount="1" falsecount="0"/>
      <line num="123" count="8" type="stmt"/>
      <line num="124" count="8" type="stmt"/>
      <line num="125" count="8" type="cond" truecount="1" falsecount="0"/>
      <line num="126" count="7" type="stmt"/>
      <line num="127" count="7" type="cond" truecount="1" falsecount="0"/>
      <line num="128" count="1" type="stmt"/>
      <line num="129" count="1" type="stmt"/>
      <line num="131" count="48" type="cond" truecount="1" falsecount="0"/>
      <line num="132" count="48" type="stmt"/>
      <line num="133" count="48" type="stmt"/>
      <line num="134" count="48" type="stmt"/>
      <line num="135" count="48" type="cond" truecount="1" falsecount="0"/>
      <line num="136" count="15" type="stmt"/>
      <line num="137" count="15" type="stmt"/>
      <line num="138" count="15" type="stmt"/>
      <line num="139" count="15" type="stmt"/>
      <line num="140" count="15" type="cond" truecount="1" falsecount="0"/>
      <line num="141" count="33" type="stmt"/>
      <line num="142" count="33" type="stmt"/>
      <line num="143" count="33" type="stmt"/>
      <line num="144" count="33" type="stmt"/>
    </file>
  </project>
</coverage>
