{"/tmp/lib/types.ts": {"path":"/tmp/lib/types.ts","all":false,"statementMap":{},"s":{},"branchMap":{},"b":{},"fnMap":{},"f":{}}
,"/tmp/lib/zmdc.ts": {"path":"/tmp/lib/zmdc.ts","all":false,"statementMap":{"2":{"start":{"line":3,"column":0},"end":{"line":3,"column":71}},"3":{"start":{"line":4,"column":0},"end":{"line":4,"column":67}},"10":{"start":{"line":11,"column":0},"end":{"line":11,"column":53}},"11":{"start":{"line":12,"column":0},"end":{"line":12,"column":40}},"12":{"start":{"line":13,"column":0},"end":{"line":13,"column":32}},"13":{"start":{"line":14,"column":0},"end":{"line":14,"column":32}},"14":{"start":{"line":15,"column":0},"end":{"line":15,"column":34}},"15":{"start":{"line":16,"column":0},"end":{"line":16,"column":34}},"16":{"start":{"line":17,"column":0},"end":{"line":17,"column":1}},"34":{"start":{"line":35,"column":0},"end":{"line":35,"column":64}},"35":{"start":{"line":36,"column":0},"end":{"line":36,"column":33}},"36":{"start":{"line":37,"column":0},"end":{"line":37,"column":27}},"37":{"start":{"line":38,"column":0},"end":{"line":38,"column":76}},"38":{"start":{"line":39,"column":0},"end":{"line":39,"column":19}},"39":{"start":{"line":40,"column":0},"end":{"line":40,"column":26}},"40":{"start":{"line":41,"column":0},"end":{"line":41,"column":21}},"41":{"start":{"line":42,"column":0},"end":{"line":42,"column":21}},"42":{"start":{"line":43,"column":0},"end":{"line":43,"column":6}},"43":{"start":{"line":44,"column":0},"end":{"line":44,"column":42}},"44":{"start":{"line":45,"column":0},"end":{"line":45,"column":31}},"45":{"start":{"line":46,"column":0},"end":{"line":46,"column":44}},"46":{"start":{"line":47,"column":0},"end":{"line":47,"column":61}},"48":{"start":{"line":49,"column":0},"end":{"line":49,"column":40}},"49":{"start":{"line":50,"column":0},"end":{"line":50,"column":13}},"50":{"start":{"line":51,"column":0},"end":{"line":51,"column":9}},"51":{"start":{"line":52,"column":0},"end":{"line":52,"column":31}},"52":{"start":{"line":53,"column":0},"end":{"line":53,"column":37}},"53":{"start":{"line":54,"column":0},"end":{"line":54,"column":61}},"54":{"start":{"line":55,"column":0},"end":{"line":55,"column":41}},"55":{"start":{"line":56,"column":0},"end":{"line":56,"column":43}},"56":{"start":{"line":57,"column":0},"end":{"line":57,"column":55}},"58":{"start":{"line":59,"column":0},"end":{"line":59,"column":41}},"59":{"start":{"line":60,"column":0},"end":{"line":60,"column":36}},"60":{"start":{"line":61,"column":0},"end":{"line":61,"column":37}},"61":{"start":{"line":62,"column":0},"end":{"line":62,"column":55}},"62":{"start":{"line":63,"column":0},"end":{"line":63,"column":34}},"63":{"start":{"line":64,"column":0},"end":{"line":64,"column":13}},"64":{"start":{"line":65,"column":0},"end":{"line":65,"column":9}},"65":{"start":{"line":66,"column":0},"end":{"line":66,"column":5}},"66":{"start":{"line":67,"column":0},"end":{"line":67,"column":19}},"67":{"start":{"line":68,"column":0},"end":{"line":68,"column":1}},"69":{"start":{"line":70,"column":0},"end":{"line":70,"column":46}},"70":{"start":{"line":71,"column":0},"end":{"line":71,"column":31}},"71":{"start":{"line":72,"column":0},"end":{"line":72,"column":64}},"72":{"start":{"line":73,"column":0},"end":{"line":73,"column":65}},"73":{"start":{"line":74,"column":0},"end":{"line":74,"column":35}},"74":{"start":{"line":75,"column":0},"end":{"line":75,"column":1}},"82":{"start":{"line":83,"column":0},"end":{"line":83,"column":101}},"83":{"start":{"line":84,"column":0},"end":{"line":84,"column":42}},"84":{"start":{"line":85,"column":0},"end":{"line":85,"column":45}},"85":{"start":{"line":86,"column":0},"end":{"line":86,"column":12}},"86":{"start":{"line":87,"column":0},"end":{"line":87,"column":13}},"87":{"start":{"line":88,"column":0},"end":{"line":88,"column":70}},"88":{"start":{"line":89,"column":0},"end":{"line":89,"column":48}},"89":{"start":{"line":90,"column":0},"end":{"line":90,"column":74}},"90":{"start":{"line":91,"column":0},"end":{"line":91,"column":54}},"91":{"start":{"line":92,"column":0},"end":{"line":92,"column":20}},"92":{"start":{"line":93,"column":0},"end":{"line":93,"column":120}},"93":{"start":{"line":94,"column":0},"end":{"line":94,"column":9}},"94":{"start":{"line":95,"column":0},"end":{"line":95,"column":11}},"95":{"start":{"line":96,"column":0},"end":{"line":96,"column":73}},"96":{"start":{"line":97,"column":0},"end":{"line":97,"column":5}},"97":{"start":{"line":98,"column":0},"end":{"line":98,"column":1}},"99":{"start":{"line":100,"column":0},"end":{"line":100,"column":59}},"100":{"start":{"line":101,"column":0},"end":{"line":101,"column":35}},"101":{"start":{"line":102,"column":0},"end":{"line":102,"column":18}},"102":{"start":{"line":103,"column":0},"end":{"line":103,"column":20}},"103":{"start":{"line":104,"column":0},"end":{"line":104,"column":57}},"104":{"start":{"line":105,"column":0},"end":{"line":105,"column":40}},"105":{"start":{"line":106,"column":0},"end":{"line":106,"column":46}},"106":{"start":{"line":107,"column":0},"end":{"line":107,"column":50}},"107":{"start":{"line":108,"column":0},"end":{"line":108,"column":5}},"108":{"start":{"line":109,"column":0},"end":{"line":109,"column":43}},"109":{"start":{"line":110,"column":0},"end":{"line":110,"column":65}},"110":{"start":{"line":111,"column":0},"end":{"line":111,"column":45}},"111":{"start":{"line":112,"column":0},"end":{"line":112,"column":39}},"112":{"start":{"line":113,"column":0},"end":{"line":113,"column":44}},"113":{"start":{"line":114,"column":0},"end":{"line":114,"column":15}},"114":{"start":{"line":115,"column":0},"end":{"line":115,"column":27}},"115":{"start":{"line":116,"column":0},"end":{"line":116,"column":9}},"116":{"start":{"line":117,"column":0},"end":{"line":117,"column":5}},"117":{"start":{"line":118,"column":0},"end":{"line":118,"column":45}},"118":{"start":{"line":119,"column":0},"end":{"line":119,"column":60}},"119":{"start":{"line":120,"column":0},"end":{"line":120,"column":1}},"121":{"start":{"line":122,"column":0},"end":{"line":122,"column":33}},"122":{"start":{"line":123,"column":0},"end":{"line":123,"column":23}},"123":{"start":{"line":124,"column":0},"end":{"line":124,"column":38}},"124":{"start":{"line":125,"column":0},"end":{"line":125,"column":42}},"125":{"start":{"line":126,"column":0},"end":{"line":126,"column":57}},"126":{"start":{"line":127,"column":0},"end":{"line":127,"column":5}},"127":{"start":{"line":128,"column":0},"end":{"line":128,"column":69}},"128":{"start":{"line":129,"column":0},"end":{"line":129,"column":1}},"130":{"start":{"line":131,"column":0},"end":{"line":131,"column":55}},"131":{"start":{"line":132,"column":0},"end":{"line":132,"column":44}},"132":{"start":{"line":133,"column":0},"end":{"line":133,"column":47}},"133":{"start":{"line":134,"column":0},"end":{"line":134,"column":17}},"134":{"start":{"line":135,"column":0},"end":{"line":135,"column":16}},"135":{"start":{"line":136,"column":0},"end":{"line":136,"column":27}},"136":{"start":{"line":137,"column":0},"end":{"line":137,"column":49}},"137":{"start":{"line":138,"column":0},"end":{"line":138,"column":9}},"138":{"start":{"line":139,"column":0},"end":{"line":139,"column":5}},"139":{"start":{"line":140,"column":0},"end":{"line":140,"column":13}},"140":{"start":{"line":141,"column":0},"end":{"line":141,"column":24}},"141":{"start":{"line":142,"column":0},"end":{"line":142,"column":5}},"142":{"start":{"line":143,"column":0},"end":{"line":143,"column":1}}},"s":{"2":1,"3":1,"10":1,"11":3,"12":3,"13":3,"14":3,"15":3,"16":3,"34":1,"35":6,"36":6,"37":6,"38":6,"39":6,"40":6,"41":6,"42":6,"43":6,"44":101,"45":51,"46":51,"48":7,"49":7,"50":51,"51":101,"52":57,"53":57,"54":57,"55":57,"56":57,"58":7,"59":7,"60":7,"61":7,"62":7,"63":7,"64":57,"65":101,"66":5,"67":5,"69":57,"70":57,"71":57,"72":57,"73":57,"74":57,"82":1,"83":3,"84":3,"85":3,"86":2,"87":2,"88":2,"89":2,"90":2,"91":2,"92":1,"93":1,"94":3,"95":1,"96":1,"97":3,"99":1,"100":8,"101":8,"102":8,"103":8,"104":8,"105":1,"106":1,"107":1,"108":8,"109":43,"110":43,"111":43,"112":12,"113":43,"114":31,"115":31,"116":43,"117":8,"118":8,"119":8,"121":8,"122":8,"123":8,"124":8,"125":7,"126":7,"127":1,"128":1,"130":43,"131":43,"132":43,"133":43,"134":12,"135":12,"136":12,"137":12,"138":12,"139":31,"140":31,"141":31,"142":31},"branchMap":{"0":{"type":"branch","line":11,"loc":{"start":{"line":11,"column":26},"end":{"line":17,"column":1}},"locations":[{"start":{"line":11,"column":26},"end":{"line":17,"column":1}}]},"1":{"type":"branch","line":35,"loc":{"start":{"line":35,"column":7},"end":{"line":68,"column":1}},"locations":[{"start":{"line":35,"column":7},"end":{"line":68,"column":1}}]},"2":{"type":"branch","line":44,"loc":{"start":{"line":44,"column":41},"end":{"line":66,"column":5}},"locations":[{"start":{"line":44,"column":41},"end":{"line":66,"column":5}}]},"3":{"type":"branch","line":45,"loc":{"start":{"line":45,"column":30},"end":{"line":51,"column":9}},"locations":[{"start":{"line":45,"column":30},"end":{"line":51,"column":9}}]},"4":{"type":"branch","line":47,"loc":{"start":{"line":47,"column":60},"end":{"line":50,"column":13}},"locations":[{"start":{"line":47,"column":60},"end":{"line":50,"column":13}}]},"5":{"type":"branch","line":52,"loc":{"start":{"line":52,"column":30},"end":{"line":65,"column":9}},"locations":[{"start":{"line":52,"column":30},"end":{"line":65,"column":9}}]},"6":{"type":"branch","line":57,"loc":{"start":{"line":57,"column":54},"end":{"line":64,"column":13}},"locations":[{"start":{"line":57,"column":54},"end":{"line":64,"column":13}}]},"7":{"type":"branch","line":66,"loc":{"start":{"line":66,"column":4},"end":{"line":68,"column":1}},"locations":[{"start":{"line":66,"column":4},"end":{"line":68,"column":1}}]},"8":{"type":"branch","line":70,"loc":{"start":{"line":70,"column":0},"end":{"line":75,"column":1}},"locations":[{"start":{"line":70,"column":0},"end":{"line":75,"column":1}}]},"9":{"type":"branch","line":83,"loc":{"start":{"line":83,"column":7},"end":{"line":98,"column":1}},"locations":[{"start":{"line":83,"column":7},"end":{"line":98,"column":1}}]},"10":{"type":"branch","line":86,"loc":{"start":{"line":86,"column":11},"end":{"line":95,"column":10}},"locations":[{"start":{"line":86,"column":11},"end":{"line":95,"column":10}}]},"11":{"type":"branch","line":92,"loc":{"start":{"line":92,"column":8},"end":{"line":94,"column":9}},"locations":[{"start":{"line":92,"column":8},"end":{"line":94,"column":9}}]},"12":{"type":"branch","line":95,"loc":{"start":{"line":95,"column":4},"end":{"line":97,"column":5}},"locations":[{"start":{"line":95,"column":4},"end":{"line":97,"column":5}}]},"13":{"type":"branch","line":100,"loc":{"start":{"line":100,"column":7},"end":{"line":120,"column":1}},"locations":[{"start":{"line":100,"column":7},"end":{"line":120,"column":1}}]},"14":{"type":"branch","line":105,"loc":{"start":{"line":105,"column":39},"end":{"line":108,"column":5}},"locations":[{"start":{"line":105,"column":39},"end":{"line":108,"column":5}}]},"15":{"type":"branch","line":109,"loc":{"start":{"line":109,"column":42},"end":{"line":117,"column":5}},"locations":[{"start":{"line":109,"column":42},"end":{"line":117,"column":5}}]},"16":{"type":"branch","line":112,"loc":{"start":{"line":112,"column":38},"end":{"line":114,"column":14}},"locations":[{"start":{"line":112,"column":38},"end":{"line":114,"column":14}}]},"17":{"type":"branch","line":114,"loc":{"start":{"line":114,"column":8},"end":{"line":116,"column":9}},"locations":[{"start":{"line":114,"column":8},"end":{"line":116,"column":9}}]},"18":{"type":"branch","line":122,"loc":{"start":{"line":122,"column":0},"end":{"line":129,"column":1}},"locations":[{"start":{"line":122,"column":0},"end":{"line":129,"column":1}}]},"19":{"type":"branch","line":125,"loc":{"start":{"line":125,"column":41},"end":{"line":127,"column":5}},"locations":[{"start":{"line":125,"column":41},"end":{"line":127,"column":5}}]},"20":{"type":"branch","line":127,"loc":{"start":{"line":127,"column":4},"end":{"line":129,"column":1}},"locations":[{"start":{"line":127,"column":4},"end":{"line":129,"column":1}}]},"21":{"type":"branch","line":131,"loc":{"start":{"line":131,"column":0},"end":{"line":143,"column":1}},"locations":[{"start":{"line":131,"column":0},"end":{"line":143,"column":1}}]},"22":{"type":"branch","line":134,"loc":{"start":{"line":134,"column":16},"end":{"line":139,"column":5}},"locations":[{"start":{"line":134,"column":16},"end":{"line":139,"column":5}}]},"23":{"type":"branch","line":139,"loc":{"start":{"line":139,"column":4},"end":{"line":143,"column":1}},"locations":[{"start":{"line":139,"column":4},"end":{"line":143,"column":1}}]}},"b":{"0":[3],"1":[6],"2":[101],"3":[51],"4":[7],"5":[57],"6":[7],"7":[5],"8":[57],"9":[3],"10":[2],"11":[1],"12":[1],"13":[8],"14":[1],"15":[43],"16":[12],"17":[31],"18":[8],"19":[7],"20":[1],"21":[43],"22":[12],"23":[31]},"fnMap":{"0":{"name":"htmlEscape","decl":{"start":{"line":11,"column":26},"end":{"line":17,"column":1}},"loc":{"start":{"line":11,"column":26},"end":{"line":17,"column":1}},"line":11},"1":{"name":"parseExampleFunctions","decl":{"start":{"line":35,"column":7},"end":{"line":68,"column":1}},"loc":{"start":{"line":35,"column":7},"end":{"line":68,"column":1}},"line":35},"2":{"name":"countCurly","decl":{"start":{"line":70,"column":0},"end":{"line":75,"column":1}},"loc":{"start":{"line":70,"column":0},"end":{"line":75,"column":1}},"line":70},"3":{"name":"showExampleCode","decl":{"start":{"line":83,"column":7},"end":{"line":98,"column":1}},"loc":{"start":{"line":83,"column":7},"end":{"line":98,"column":1}},"line":83},"4":{"name":"parseCode","decl":{"start":{"line":100,"column":7},"end":{"line":120,"column":1}},"loc":{"start":{"line":100,"column":7},"end":{"line":120,"column":1}},"line":100},"5":{"name":"parseElId","decl":{"start":{"line":122,"column":0},"end":{"line":129,"column":1}},"loc":{"start":{"line":122,"column":0},"end":{"line":129,"column":1}},"line":122},"6":{"name":"validHTML","decl":{"start":{"line":131,"column":0},"end":{"line":143,"column":1}},"loc":{"start":{"line":131,"column":0},"end":{"line":143,"column":1}},"line":131}},"f":{"0":3,"1":6,"2":57,"3":3,"4":8,"5":8,"6":43}}
}
