{"/tmp/lib/types.ts": {"path":"/tmp/lib/types.ts","all":false,"statementMap":{},"s":{},"branchMap":{},"b":{},"fnMap":{},"f":{}}
,"/tmp/lib/zmdc.ts": {"path":"/tmp/lib/zmdc.ts","all":false,"statementMap":{"2":{"start":{"line":3,"column":0},"end":{"line":3,"column":71}},"3":{"start":{"line":4,"column":0},"end":{"line":4,"column":67}},"4":{"start":{"line":5,"column":0},"end":{"line":5,"column":78}},"11":{"start":{"line":12,"column":0},"end":{"line":12,"column":53}},"12":{"start":{"line":13,"column":0},"end":{"line":13,"column":40}},"13":{"start":{"line":14,"column":0},"end":{"line":14,"column":32}},"14":{"start":{"line":15,"column":0},"end":{"line":15,"column":32}},"15":{"start":{"line":16,"column":0},"end":{"line":16,"column":34}},"16":{"start":{"line":17,"column":0},"end":{"line":17,"column":34}},"17":{"start":{"line":18,"column":0},"end":{"line":18,"column":1}},"35":{"start":{"line":36,"column":0},"end":{"line":36,"column":64}},"36":{"start":{"line":37,"column":0},"end":{"line":37,"column":33}},"37":{"start":{"line":38,"column":0},"end":{"line":38,"column":27}},"38":{"start":{"line":39,"column":0},"end":{"line":39,"column":19}},"39":{"start":{"line":40,"column":0},"end":{"line":40,"column":26}},"40":{"start":{"line":41,"column":0},"end":{"line":41,"column":21}},"41":{"start":{"line":42,"column":0},"end":{"line":42,"column":22}},"42":{"start":{"line":43,"column":0},"end":{"line":43,"column":18}},"43":{"start":{"line":44,"column":0},"end":{"line":44,"column":6}},"44":{"start":{"line":45,"column":0},"end":{"line":45,"column":42}},"45":{"start":{"line":46,"column":0},"end":{"line":46,"column":31}},"46":{"start":{"line":47,"column":0},"end":{"line":47,"column":44}},"47":{"start":{"line":48,"column":0},"end":{"line":48,"column":61}},"48":{"start":{"line":49,"column":0},"end":{"line":49,"column":28}},"50":{"start":{"line":51,"column":0},"end":{"line":51,"column":40}},"51":{"start":{"line":52,"column":0},"end":{"line":52,"column":42}},"52":{"start":{"line":53,"column":0},"end":{"line":53,"column":13}},"53":{"start":{"line":54,"column":0},"end":{"line":54,"column":9}},"54":{"start":{"line":55,"column":0},"end":{"line":55,"column":31}},"55":{"start":{"line":56,"column":0},"end":{"line":56,"column":37}},"56":{"start":{"line":57,"column":0},"end":{"line":57,"column":61}},"57":{"start":{"line":58,"column":0},"end":{"line":58,"column":41}},"58":{"start":{"line":59,"column":0},"end":{"line":59,"column":43}},"59":{"start":{"line":60,"column":0},"end":{"line":60,"column":55}},"61":{"start":{"line":62,"column":0},"end":{"line":62,"column":69}},"62":{"start":{"line":63,"column":0},"end":{"line":63,"column":41}},"63":{"start":{"line":64,"column":0},"end":{"line":64,"column":36}},"64":{"start":{"line":65,"column":0},"end":{"line":65,"column":37}},"65":{"start":{"line":66,"column":0},"end":{"line":66,"column":34}},"66":{"start":{"line":67,"column":0},"end":{"line":67,"column":34}},"67":{"start":{"line":68,"column":0},"end":{"line":68,"column":13}},"68":{"start":{"line":69,"column":0},"end":{"line":69,"column":9}},"69":{"start":{"line":70,"column":0},"end":{"line":70,"column":5}},"70":{"start":{"line":71,"column":0},"end":{"line":71,"column":19}},"71":{"start":{"line":72,"column":0},"end":{"line":72,"column":1}},"73":{"start":{"line":74,"column":0},"end":{"line":74,"column":46}},"74":{"start":{"line":75,"column":0},"end":{"line":75,"column":31}},"75":{"start":{"line":76,"column":0},"end":{"line":76,"column":64}},"76":{"start":{"line":77,"column":0},"end":{"line":77,"column":65}},"77":{"start":{"line":78,"column":0},"end":{"line":78,"column":35}},"78":{"start":{"line":79,"column":0},"end":{"line":79,"column":1}},"86":{"start":{"line":87,"column":0},"end":{"line":87,"column":101}},"87":{"start":{"line":88,"column":0},"end":{"line":88,"column":42}},"88":{"start":{"line":89,"column":0},"end":{"line":89,"column":45}},"89":{"start":{"line":90,"column":0},"end":{"line":90,"column":12}},"90":{"start":{"line":91,"column":0},"end":{"line":91,"column":27}},"91":{"start":{"line":92,"column":0},"end":{"line":92,"column":70}},"92":{"start":{"line":93,"column":0},"end":{"line":93,"column":29}},"93":{"start":{"line":94,"column":0},"end":{"line":94,"column":51}},"94":{"start":{"line":95,"column":0},"end":{"line":95,"column":20}},"95":{"start":{"line":96,"column":0},"end":{"line":96,"column":132}},"96":{"start":{"line":97,"column":0},"end":{"line":97,"column":13}},"97":{"start":{"line":98,"column":0},"end":{"line":98,"column":9}},"98":{"start":{"line":99,"column":0},"end":{"line":99,"column":29}},"99":{"start":{"line":100,"column":0},"end":{"line":100,"column":74}},"100":{"start":{"line":101,"column":0},"end":{"line":101,"column":31}},"101":{"start":{"line":102,"column":0},"end":{"line":102,"column":57}},"102":{"start":{"line":103,"column":0},"end":{"line":103,"column":20}},"103":{"start":{"line":104,"column":0},"end":{"line":104,"column":128}},"104":{"start":{"line":105,"column":0},"end":{"line":105,"column":13}},"105":{"start":{"line":106,"column":0},"end":{"line":106,"column":9}},"106":{"start":{"line":107,"column":0},"end":{"line":107,"column":11}},"107":{"start":{"line":108,"column":0},"end":{"line":108,"column":73}},"108":{"start":{"line":109,"column":0},"end":{"line":109,"column":5}},"109":{"start":{"line":110,"column":0},"end":{"line":110,"column":1}},"111":{"start":{"line":112,"column":0},"end":{"line":112,"column":72}},"112":{"start":{"line":113,"column":0},"end":{"line":113,"column":35}},"113":{"start":{"line":114,"column":0},"end":{"line":114,"column":18}},"114":{"start":{"line":115,"column":0},"end":{"line":115,"column":20}},"115":{"start":{"line":116,"column":0},"end":{"line":116,"column":57}},"116":{"start":{"line":117,"column":0},"end":{"line":117,"column":40}},"117":{"start":{"line":118,"column":0},"end":{"line":118,"column":20}},"118":{"start":{"line":119,"column":0},"end":{"line":119,"column":21}},"119":{"start":{"line":120,"column":0},"end":{"line":120,"column":5}},"120":{"start":{"line":121,"column":0},"end":{"line":121,"column":43}},"121":{"start":{"line":122,"column":0},"end":{"line":122,"column":65}},"122":{"start":{"line":123,"column":0},"end":{"line":123,"column":45}},"123":{"start":{"line":124,"column":0},"end":{"line":124,"column":39}},"124":{"start":{"line":125,"column":0},"end":{"line":125,"column":44}},"125":{"start":{"line":126,"column":0},"end":{"line":126,"column":15}},"126":{"start":{"line":127,"column":0},"end":{"line":127,"column":27}},"127":{"start":{"line":128,"column":0},"end":{"line":128,"column":9}},"128":{"start":{"line":129,"column":0},"end":{"line":129,"column":5}},"129":{"start":{"line":130,"column":0},"end":{"line":130,"column":45}},"130":{"start":{"line":131,"column":0},"end":{"line":131,"column":66}},"131":{"start":{"line":132,"column":0},"end":{"line":132,"column":1}},"133":{"start":{"line":134,"column":0},"end":{"line":134,"column":33}},"134":{"start":{"line":135,"column":0},"end":{"line":135,"column":23}},"135":{"start":{"line":136,"column":0},"end":{"line":136,"column":38}},"136":{"start":{"line":137,"column":0},"end":{"line":137,"column":42}},"137":{"start":{"line":138,"column":0},"end":{"line":138,"column":57}},"138":{"start":{"line":139,"column":0},"end":{"line":139,"column":5}},"139":{"start":{"line":140,"column":0},"end":{"line":140,"column":69}},"140":{"start":{"line":141,"column":0},"end":{"line":141,"column":1}},"142":{"start":{"line":143,"column":0},"end":{"line":143,"column":55}},"143":{"start":{"line":144,"column":0},"end":{"line":144,"column":44}},"144":{"start":{"line":145,"column":0},"end":{"line":145,"column":40}},"145":{"start":{"line":146,"column":0},"end":{"line":146,"column":47}},"146":{"start":{"line":147,"column":0},"end":{"line":147,"column":17}},"147":{"start":{"line":148,"column":0},"end":{"line":148,"column":16}},"148":{"start":{"line":149,"column":0},"end":{"line":149,"column":27}},"149":{"start":{"line":150,"column":0},"end":{"line":150,"column":46}},"150":{"start":{"line":151,"column":0},"end":{"line":151,"column":9}},"151":{"start":{"line":152,"column":0},"end":{"line":152,"column":5}},"152":{"start":{"line":153,"column":0},"end":{"line":153,"column":13}},"153":{"start":{"line":154,"column":0},"end":{"line":154,"column":24}},"154":{"start":{"line":155,"column":0},"end":{"line":155,"column":5}},"155":{"start":{"line":156,"column":0},"end":{"line":156,"column":1}}},"s":{"2":1,"3":1,"4":1,"11":1,"12":3,"13":3,"14":3,"15":3,"16":3,"17":3,"35":1,"36":6,"37":6,"38":6,"39":6,"40":6,"41":6,"42":6,"43":6,"44":6,"45":101,"46":51,"47":51,"48":51,"50":7,"51":7,"52":7,"53":51,"54":101,"55":57,"56":57,"57":57,"58":57,"59":57,"61":7,"62":7,"63":7,"64":7,"65":7,"66":7,"67":7,"68":57,"69":101,"70":5,"71":5,"73":57,"74":57,"75":57,"76":57,"77":57,"78":57,"86":1,"87":4,"88":4,"89":4,"90":3,"91":3,"92":3,"93":2,"94":3,"95":1,"96":1,"97":3,"98":2,"99":2,"100":2,"101":1,"102":1,"103":1,"104":1,"105":2,"106":4,"107":1,"108":1,"109":4,"111":1,"112":8,"113":8,"114":8,"115":8,"116":8,"117":1,"118":1,"119":1,"120":8,"121":48,"122":48,"123":48,"124":15,"125":48,"126":33,"127":33,"128":48,"129":8,"130":8,"131":8,"133":8,"134":8,"135":8,"136":8,"137":7,"138":7,"139":1,"140":1,"142":48,"143":48,"144":48,"145":48,"146":48,"147":15,"148":15,"149":15,"150":15,"151":15,"152":33,"153":33,"154":33,"155":33},"branchMap":{"0":{"type":"branch","line":12,"loc":{"start":{"line":12,"column":26},"end":{"line":18,"column":1}},"locations":[{"start":{"line":12,"column":26},"end":{"line":18,"column":1}}]},"1":{"type":"branch","line":36,"loc":{"start":{"line":36,"column":7},"end":{"line":72,"column":1}},"locations":[{"start":{"line":36,"column":7},"end":{"line":72,"column":1}}]},"2":{"type":"branch","line":45,"loc":{"start":{"line":45,"column":41},"end":{"line":70,"column":5}},"locations":[{"start":{"line":45,"column":41},"end":{"line":70,"column":5}}]},"3":{"type":"branch","line":46,"loc":{"start":{"line":46,"column":30},"end":{"line":54,"column":9}},"locations":[{"start":{"line":46,"column":30},"end":{"line":54,"column":9}}]},"4":{"type":"branch","line":49,"loc":{"start":{"line":49,"column":27},"end":{"line":53,"column":13}},"locations":[{"start":{"line":49,"column":27},"end":{"line":53,"column":13}}]},"5":{"type":"branch","line":55,"loc":{"start":{"line":55,"column":30},"end":{"line":69,"column":9}},"locations":[{"start":{"line":55,"column":30},"end":{"line":69,"column":9}}]},"6":{"type":"branch","line":60,"loc":{"start":{"line":60,"column":54},"end":{"line":68,"column":13}},"locations":[{"start":{"line":60,"column":54},"end":{"line":68,"column":13}}]},"7":{"type":"branch","line":70,"loc":{"start":{"line":70,"column":4},"end":{"line":72,"column":1}},"locations":[{"start":{"line":70,"column":4},"end":{"line":72,"column":1}}]},"8":{"type":"branch","line":74,"loc":{"start":{"line":74,"column":0},"end":{"line":79,"column":1}},"locations":[{"start":{"line":74,"column":0},"end":{"line":79,"column":1}}]},"9":{"type":"branch","line":87,"loc":{"start":{"line":87,"column":7},"end":{"line":110,"column":1}},"locations":[{"start":{"line":87,"column":7},"end":{"line":110,"column":1}}]},"10":{"type":"branch","line":90,"loc":{"start":{"line":90,"column":11},"end":{"line":107,"column":10}},"locations":[{"start":{"line":90,"column":11},"end":{"line":107,"column":10}}]},"11":{"type":"branch","line":93,"loc":{"start":{"line":93,"column":28},"end":{"line":95,"column":19}},"locations":[{"start":{"line":93,"column":28},"end":{"line":95,"column":19}}]},"12":{"type":"branch","line":95,"loc":{"start":{"line":95,"column":12},"end":{"line":97,"column":13}},"locations":[{"start":{"line":95,"column":12},"end":{"line":97,"column":13}}]},"13":{"type":"branch","line":98,"loc":{"start":{"line":98,"column":8},"end":{"line":106,"column":9}},"locations":[{"start":{"line":98,"column":8},"end":{"line":106,"column":9}}]},"14":{"type":"branch","line":101,"loc":{"start":{"line":101,"column":30},"end":{"line":105,"column":13}},"locations":[{"start":{"line":101,"column":30},"end":{"line":105,"column":13}}]},"15":{"type":"branch","line":107,"loc":{"start":{"line":107,"column":4},"end":{"line":109,"column":5}},"locations":[{"start":{"line":107,"column":4},"end":{"line":109,"column":5}}]},"16":{"type":"branch","line":112,"loc":{"start":{"line":112,"column":7},"end":{"line":132,"column":1}},"locations":[{"start":{"line":112,"column":7},"end":{"line":132,"column":1}}]},"17":{"type":"branch","line":117,"loc":{"start":{"line":117,"column":39},"end":{"line":120,"column":5}},"locations":[{"start":{"line":117,"column":39},"end":{"line":120,"column":5}}]},"18":{"type":"branch","line":121,"loc":{"start":{"line":121,"column":42},"end":{"line":129,"column":5}},"locations":[{"start":{"line":121,"column":42},"end":{"line":129,"column":5}}]},"19":{"type":"branch","line":124,"loc":{"start":{"line":124,"column":38},"end":{"line":126,"column":14}},"locations":[{"start":{"line":124,"column":38},"end":{"line":126,"column":14}}]},"20":{"type":"branch","line":126,"loc":{"start":{"line":126,"column":8},"end":{"line":128,"column":9}},"locations":[{"start":{"line":126,"column":8},"end":{"line":128,"column":9}}]},"21":{"type":"branch","line":134,"loc":{"start":{"line":134,"column":0},"end":{"line":141,"column":1}},"locations":[{"start":{"line":134,"column":0},"end":{"line":141,"column":1}}]},"22":{"type":"branch","line":137,"loc":{"start":{"line":137,"column":41},"end":{"line":139,"column":5}},"locations":[{"start":{"line":137,"column":41},"end":{"line":139,"column":5}}]},"23":{"type":"branch","line":139,"loc":{"start":{"line":139,"column":4},"end":{"line":141,"column":1}},"locations":[{"start":{"line":139,"column":4},"end":{"line":141,"column":1}}]},"24":{"type":"branch","line":143,"loc":{"start":{"line":143,"column":0},"end":{"line":156,"column":1}},"locations":[{"start":{"line":143,"column":0},"end":{"line":156,"column":1}}]},"25":{"type":"branch","line":147,"loc":{"start":{"line":147,"column":16},"end":{"line":152,"column":5}},"locations":[{"start":{"line":147,"column":16},"end":{"line":152,"column":5}}]},"26":{"type":"branch","line":152,"loc":{"start":{"line":152,"column":4},"end":{"line":156,"column":1}},"locations":[{"start":{"line":152,"column":4},"end":{"line":156,"column":1}}]}},"b":{"0":[3],"1":[6],"2":[101],"3":[51],"4":[7],"5":[57],"6":[7],"7":[5],"8":[57],"9":[4],"10":[3],"11":[2],"12":[1],"13":[2],"14":[1],"15":[1],"16":[8],"17":[1],"18":[48],"19":[15],"20":[33],"21":[8],"22":[7],"23":[1],"24":[48],"25":[15],"26":[33]},"fnMap":{"0":{"name":"htmlEscape","decl":{"start":{"line":12,"column":26},"end":{"line":18,"column":1}},"loc":{"start":{"line":12,"column":26},"end":{"line":18,"column":1}},"line":12},"1":{"name":"parseExampleFunctions","decl":{"start":{"line":36,"column":7},"end":{"line":72,"column":1}},"loc":{"start":{"line":36,"column":7},"end":{"line":72,"column":1}},"line":36},"2":{"name":"countCurly","decl":{"start":{"line":74,"column":0},"end":{"line":79,"column":1}},"loc":{"start":{"line":74,"column":0},"end":{"line":79,"column":1}},"line":74},"3":{"name":"showExampleCode","decl":{"start":{"line":87,"column":7},"end":{"line":110,"column":1}},"loc":{"start":{"line":87,"column":7},"end":{"line":110,"column":1}},"line":87},"4":{"name":"parseCode","decl":{"start":{"line":112,"column":7},"end":{"line":132,"column":1}},"loc":{"start":{"line":112,"column":7},"end":{"line":132,"column":1}},"line":112},"5":{"name":"parseElId","decl":{"start":{"line":134,"column":0},"end":{"line":141,"column":1}},"loc":{"start":{"line":134,"column":0},"end":{"line":141,"column":1}},"line":134},"6":{"name":"validHTML","decl":{"start":{"line":143,"column":0},"end":{"line":156,"column":1}},"loc":{"start":{"line":143,"column":0},"end":{"line":156,"column":1}},"line":143}},"f":{"0":3,"1":6,"2":57,"3":4,"4":8,"5":8,"6":48}}
}
